0 info it worked if it ends with ok
1 verbose cli [ '/usr/local/Cellar/nvm/0.24.1/versions/node/v5.1.0/bin/node',
1 verbose cli   '/usr/local/opt/nvm/versions/node/v5.1.0/bin/npm',
1 verbose cli   'run',
1 verbose cli   'dev' ]
2 info using npm@3.3.12
3 info using node@v5.1.0
4 verbose run-script [ 'predev', 'dev', 'postdev' ]
5 info lifecycle edm.js@1.0.0~predev: edm.js@1.0.0
6 silly lifecycle edm.js@1.0.0~predev: no script for predev, continuing
7 info lifecycle edm.js@1.0.0~dev: edm.js@1.0.0
8 verbose lifecycle edm.js@1.0.0~dev: unsafe-perm in lifecycle true
9 verbose lifecycle edm.js@1.0.0~dev: PATH: /usr/local/Cellar/nvm/0.24.1/versions/node/v5.1.0/lib/node_modules/npm/bin/node-gyp-bin:/Users/Alex/www/edm.js/node_modules/.bin:/usr/local/opt/nvm/versions/node/v5.1.0/bin:/usr/local/opt/php55/sbin:/usr/local/elasticsearch-1.2.1/bin:/sw/bin:/usr/local/go/bin:/usr/local/sphinx:/usr/local/sphinx/bin:/usr/local/git/bin:/usr/local/heroku/bin:/Applications/Postgres.app/Contents/MacOS/bin:/Applications/ADT/sdk/tools:/Applications/ADT/sdk/platform-tools:/usr/local/bin:/usr/bin:/usr/local/opt/php55/sbin:/usr/local/elasticsearch-1.2.1/bin:/sw/bin:/usr/local/go/bin:/usr/local/sphinx:/usr/local/sphinx/bin:/usr/local/git/bin:/usr/local/heroku/bin:/Applications/Postgres.app/Contents/MacOS/bin:/Applications/ADT/sdk/tools:/Applications/ADT/sdk/platform-tools:/usr/local/bin:/usr/bin:/usr/local/opt/php55/sbin:/usr/local/elasticsearch-1.2.1/bin:/sw/bin:/usr/local/go/bin:/usr/local/sphinx:/usr/local/sphinx/bin:/usr/local/git/bin:/usr/local/heroku/bin:/Applications/Postgres.app/Contents/MacOS/bin:/Applications/ADT/sdk/tools:/Applications/ADT/sdk/platform-tools:/usr/local/bin:/usr/bin:/usr/local/opt/php55/sbin:/usr/local/elasticsearch-1.2.1/bin:/sw/bin:/usr/local/go/bin:/usr/local/sphinx:/usr/local/sphinx/bin:/usr/local/git/bin:/usr/local/heroku/bin:/Applications/Postgres.app/Contents/MacOS/bin:/Applications/ADT/sdk/tools:/Applications/ADT/sdk/platform-tools:/usr/local/bin:/usr/bin:/usr/local/bin:/usr/bin:/bin:/usr/sbin:/sbin:/opt/X11/bin
10 verbose lifecycle edm.js@1.0.0~dev: CWD: /Users/Alex/www/edm.js
11 silly lifecycle edm.js@1.0.0~dev: Args: [ '-c',
11 silly lifecycle   './node_modules/babel-cli/bin/babel-node.js ./compiler.js --dev' ]
12 silly lifecycle edm.js@1.0.0~dev: Returned: code: 1  signal: null
13 info lifecycle edm.js@1.0.0~dev: Failed to exec dev script
14 verbose stack Error: edm.js@1.0.0 dev: `./node_modules/babel-cli/bin/babel-node.js ./compiler.js --dev`
14 verbose stack Exit status 1
14 verbose stack     at EventEmitter.<anonymous> (/usr/local/Cellar/nvm/0.24.1/versions/node/v5.1.0/lib/node_modules/npm/lib/utils/lifecycle.js:232:16)
14 verbose stack     at emitTwo (events.js:87:13)
14 verbose stack     at EventEmitter.emit (events.js:172:7)
14 verbose stack     at ChildProcess.<anonymous> (/usr/local/Cellar/nvm/0.24.1/versions/node/v5.1.0/lib/node_modules/npm/lib/utils/spawn.js:24:14)
14 verbose stack     at emitTwo (events.js:87:13)
14 verbose stack     at ChildProcess.emit (events.js:172:7)
14 verbose stack     at maybeClose (internal/child_process.js:818:16)
14 verbose stack     at Process.ChildProcess._handle.onexit (internal/child_process.js:211:5)
15 verbose pkgid edm.js@1.0.0
16 verbose cwd /Users/Alex/www/edm.js
17 error Darwin 15.0.0
18 error argv "/usr/local/Cellar/nvm/0.24.1/versions/node/v5.1.0/bin/node" "/usr/local/opt/nvm/versions/node/v5.1.0/bin/npm" "run" "dev"
19 error node v5.1.0
20 error npm  v3.3.12
21 error code ELIFECYCLE
22 error edm.js@1.0.0 dev: `./node_modules/babel-cli/bin/babel-node.js ./compiler.js --dev`
22 error Exit status 1
23 error Failed at the edm.js@1.0.0 dev script './node_modules/babel-cli/bin/babel-node.js ./compiler.js --dev'.
23 error Make sure you have the latest version of node.js and npm installed.
23 error If you do, this is most likely a problem with the edm.js package,
23 error not with npm itself.
23 error Tell the author that this fails on your system:
23 error     ./node_modules/babel-cli/bin/babel-node.js ./compiler.js --dev
23 error You can get their info via:
23 error     npm owner ls edm.js
23 error There is likely additional logging output above.
24 verbose exit [ 1, true ]
